<?xml version="1.0" encoding="UTF-8" ?>
<testsuite errors="0" failures="0" hostname="LAPTOP-QPRR3A3L" name="ImageProcessorTest" skipped="0" tests="10" time="0.11" timestamp="2018-05-03T14:58:23">
  <properties>
[...]
</properties>
  <testcase classname="ImageProcessorTest" name="testIOOne" time="0.015" />
  <testcase classname="ImageProcessorTest" name="testBlueOne" time="0.0" />
  <testcase classname="ImageProcessorTest" name="testIOTwo" time="0.0" />
  <testcase classname="ImageProcessorTest" name="testBlueTwo" time="0.0" />
  <testcase classname="ImageProcessorTest" name="testRedOne" time="0.0" />
  <testcase classname="ImageProcessorTest" name="testRedTwo" time="0.0" />
  <testcase classname="ImageProcessorTest" name="testGreenTwo" time="0.0" />
  <testcase classname="ImageProcessorTest" name="testGrayOne" time="0.0" />
  <testcase classname="ImageProcessorTest" name="testGrayTwo" time="0.016" />
  <testcase classname="ImageProcessorTest" name="testGreenOne" time="0.0" />
  <system-out><![CDATA[]]></system-out>
  <system-err><![CDATA[java.io.FileNotFoundException: 1.bmp (系统找不到指定的文件。)
	at java.base/java.io.FileInputStream.open0(Native Method)
	at java.base/java.io.FileInputStream.open(FileInputStream.java:196)
	at java.base/java.io.FileInputStream.<init>(FileInputStream.java:139)
	at java.base/java.io.FileInputStream.<init>(FileInputStream.java:94)
	at ImageProcessorTest.testIOOne(Unknown Source)
	at java.base/jdk.internal.reflect.NativeMethodAccessorImpl.invoke0(Native Method)
	at java.base/jdk.internal.reflect.NativeMethodAccessorImpl.invoke(NativeMethodAccessorImpl.java:62)
	at java.base/jdk.internal.reflect.DelegatingMethodAccessorImpl.invoke(DelegatingMethodAccessorImpl.java:43)
	at java.base/java.lang.reflect.Method.invoke(Method.java:564)
	at org.junit.runners.model.FrameworkMethod$1.runReflectiveCall(FrameworkMethod.java:45)
	at org.junit.internal.runners.model.ReflectiveCallable.run(ReflectiveCallable.java:15)
	at org.junit.runners.model.FrameworkMethod.invokeExplosively(FrameworkMethod.java:42)
	at org.junit.internal.runners.statements.InvokeMethod.evaluate(InvokeMethod.java:20)
	at org.junit.runners.ParentRunner.runLeaf(ParentRunner.java:263)
	at org.junit.runners.BlockJUnit4ClassRunner.runChild(BlockJUnit4ClassRunner.java:68)
	at org.junit.runners.BlockJUnit4ClassRunner.runChild(BlockJUnit4ClassRunner.java:47)
	at org.junit.runners.ParentRunner$3.run(ParentRunner.java:231)
	at org.junit.runners.ParentRunner$1.schedule(ParentRunner.java:60)
	at org.junit.runners.ParentRunner.runChildren(ParentRunner.java:229)
	at org.junit.runners.ParentRunner.access$000(ParentRunner.java:50)
	at org.junit.runners.ParentRunner$2.evaluate(ParentRunner.java:222)
	at org.junit.runners.ParentRunner.run(ParentRunner.java:300)
	at junit.framework.JUnit4TestAdapter.run(JUnit4TestAdapter.java:39)
	at org.apache.tools.ant.taskdefs.optional.junit.JUnitTestRunner.run(JUnitTestRunner.java:536)
	at org.apache.tools.ant.taskdefs.optional.junit.JUnitTask.executeInVM(JUnitTask.java:1630)
	at org.apache.tools.ant.taskdefs.optional.junit.JUnitTask.execute(JUnitTask.java:1045)
	at org.apache.tools.ant.taskdefs.optional.junit.JUnitTask.executeOrQueue(JUnitTask.java:2187)
	at org.apache.tools.ant.taskdefs.optional.junit.JUnitTask.execute(JUnitTask.java:853)
	at org.apache.tools.ant.UnknownElement.execute(UnknownElement.java:292)
	at java.base/jdk.internal.reflect.NativeMethodAccessorImpl.invoke0(Native Method)
	at java.base/jdk.internal.reflect.NativeMethodAccessorImpl.invoke(NativeMethodAccessorImpl.java:62)
	at java.base/jdk.internal.reflect.DelegatingMethodAccessorImpl.invoke(DelegatingMethodAccessorImpl.java:43)
	at java.base/java.lang.reflect.Method.invoke(Method.java:564)
	at org.apache.tools.ant.dispatch.DispatchUtils.execute(DispatchUtils.java:106)
	at org.apache.tools.ant.Task.perform(Task.java:350)
	at org.apache.tools.ant.Target.execute(Target.java:448)
	at org.apache.tools.ant.Target.performTasks(Target.java:469)
	at org.apache.tools.ant.Project.executeSortedTargets(Project.java:1399)
	at org.apache.tools.ant.Project.executeTarget(Project.java:1370)
	at org.apache.tools.ant.helper.DefaultExecutor.executeTargets(DefaultExecutor.java:41)
	at org.apache.tools.ant.Project.executeTargets(Project.java:1260)
	at org.apache.tools.ant.Main.runBuild(Main.java:849)
	at org.apache.tools.ant.Main.startAnt(Main.java:228)
	at org.apache.tools.ant.launch.Launcher.run(Launcher.java:283)
	at org.apache.tools.ant.launch.Launcher.main(Launcher.java:101)
java.io.FileNotFoundException: 1_blue_goal.bmp (系统找不到指定的文件。)
	at java.base/java.io.FileInputStream.open0(Native Method)
	at java.base/java.io.FileInputStream.open(FileInputStream.java:196)
	at java.base/java.io.FileInputStream.<init>(FileInputStream.java:139)
	at java.base/java.io.FileInputStream.<init>(FileInputStream.java:94)
	at ImageProcessorTest.testBlueOne(Unknown Source)
	at java.base/jdk.internal.reflect.NativeMethodAccessorImpl.invoke0(Native Method)
	at java.base/jdk.internal.reflect.NativeMethodAccessorImpl.invoke(NativeMethodAccessorImpl.java:62)
	at java.base/jdk.internal.reflect.DelegatingMethodAccessorImpl.invoke(DelegatingMethodAccessorImpl.java:43)
	at java.base/java.lang.reflect.Method.invoke(Method.java:564)
	at org.junit.runners.model.FrameworkMethod$1.runReflectiveCall(FrameworkMethod.java:45)
	at org.junit.internal.runners.model.ReflectiveCallable.run(ReflectiveCallable.java:15)
	at org.junit.runners.model.FrameworkMethod.invokeExplosively(FrameworkMethod.java:42)
	at org.junit.internal.runners.statements.InvokeMethod.evaluate(InvokeMethod.java:20)
	at org.junit.runners.ParentRunner.runLeaf(ParentRunner.java:263)
	at org.junit.runners.BlockJUnit4ClassRunner.runChild(BlockJUnit4ClassRunner.java:68)
	at org.junit.runners.BlockJUnit4ClassRunner.runChild(BlockJUnit4ClassRunner.java:47)
	at org.junit.runners.ParentRunner$3.run(ParentRunner.java:231)
	at org.junit.runners.ParentRunner$1.schedule(ParentRunner.java:60)
	at org.junit.runners.ParentRunner.runChildren(ParentRunner.java:229)
	at org.junit.runners.ParentRunner.access$000(ParentRunner.java:50)
	at org.junit.runners.ParentRunner$2.evaluate(ParentRunner.java:222)
	at org.junit.runners.ParentRunner.run(ParentRunner.java:300)
	at junit.framework.JUnit4TestAdapter.run(JUnit4TestAdapter.java:39)
	at org.apache.tools.ant.taskdefs.optional.junit.JUnitTestRunner.run(JUnitTestRunner.java:536)
	at org.apache.tools.ant.taskdefs.optional.junit.JUnitTask.executeInVM(JUnitTask.java:1630)
	at org.apache.tools.ant.taskdefs.optional.junit.JUnitTask.execute(JUnitTask.java:1045)
	at org.apache.tools.ant.taskdefs.optional.junit.JUnitTask.executeOrQueue(JUnitTask.java:2187)
	at org.apache.tools.ant.taskdefs.optional.junit.JUnitTask.execute(JUnitTask.java:853)
	at org.apache.tools.ant.UnknownElement.execute(UnknownElement.java:292)
	at java.base/jdk.internal.reflect.NativeMethodAccessorImpl.invoke0(Native Method)
	at java.base/jdk.internal.reflect.NativeMethodAccessorImpl.invoke(NativeMethodAccessorImpl.java:62)
	at java.base/jdk.internal.reflect.DelegatingMethodAccessorImpl.invoke(DelegatingMethodAccessorImpl.java:43)
	at java.base/java.lang.reflect.Method.invoke(Method.java:564)
	at org.apache.tools.ant.dispatch.DispatchUtils.execute(DispatchUtils.java:106)
	at org.apache.tools.ant.Task.perform(Task.java:350)
	at org.apache.tools.ant.Target.execute(Target.java:448)
	at org.apache.tools.ant.Target.performTasks(Target.java:469)
	at org.apache.tools.ant.Project.executeSortedTargets(Project.java:1399)
	at org.apache.tools.ant.Project.executeTarget(Project.java:1370)
	at org.apache.tools.ant.helper.DefaultExecutor.executeTargets(DefaultExecutor.java:41)
	at org.apache.tools.ant.Project.executeTargets(Project.java:1260)
	at org.apache.tools.ant.Main.runBuild(Main.java:849)
	at org.apache.tools.ant.Main.startAnt(Main.java:228)
	at org.apache.tools.ant.launch.Launcher.run(Launcher.java:283)
	at org.apache.tools.ant.launch.Launcher.main(Launcher.java:101)
java.io.FileNotFoundException: 2.bmp (系统找不到指定的文件。)
	at java.base/java.io.FileInputStream.open0(Native Method)
	at java.base/java.io.FileInputStream.open(FileInputStream.java:196)
	at java.base/java.io.FileInputStream.<init>(FileInputStream.java:139)
	at java.base/java.io.FileInputStream.<init>(FileInputStream.java:94)
	at ImageProcessorTest.testIOTwo(Unknown Source)
	at java.base/jdk.internal.reflect.NativeMethodAccessorImpl.invoke0(Native Method)
	at java.base/jdk.internal.reflect.NativeMethodAccessorImpl.invoke(NativeMethodAccessorImpl.java:62)
	at java.base/jdk.internal.reflect.DelegatingMethodAccessorImpl.invoke(DelegatingMethodAccessorImpl.java:43)
	at java.base/java.lang.reflect.Method.invoke(Method.java:564)
	at org.junit.runners.model.FrameworkMethod$1.runReflectiveCall(FrameworkMethod.java:45)
	at org.junit.internal.runners.model.ReflectiveCallable.run(ReflectiveCallable.java:15)
	at org.junit.runners.model.FrameworkMethod.invokeExplosively(FrameworkMethod.java:42)
	at org.junit.internal.runners.statements.InvokeMethod.evaluate(InvokeMethod.java:20)
	at org.junit.runners.ParentRunner.runLeaf(ParentRunner.java:263)
	at org.junit.runners.BlockJUnit4ClassRunner.runChild(BlockJUnit4ClassRunner.java:68)
	at org.junit.runners.BlockJUnit4ClassRunner.runChild(BlockJUnit4ClassRunner.java:47)
	at org.junit.runners.ParentRunner$3.run(ParentRunner.java:231)
	at org.junit.runners.ParentRunner$1.schedule(ParentRunner.java:60)
	at org.junit.runners.ParentRunner.runChildren(ParentRunner.java:229)
	at org.junit.runners.ParentRunner.access$000(ParentRunner.java:50)
	at org.junit.runners.ParentRunner$2.evaluate(ParentRunner.java:222)
	at org.junit.runners.ParentRunner.run(ParentRunner.java:300)
	at junit.framework.JUnit4TestAdapter.run(JUnit4TestAdapter.java:39)
	at org.apache.tools.ant.taskdefs.optional.junit.JUnitTestRunner.run(JUnitTestRunner.java:536)
	at org.apache.tools.ant.taskdefs.optional.junit.JUnitTask.executeInVM(JUnitTask.java:1630)
	at org.apache.tools.ant.taskdefs.optional.junit.JUnitTask.execute(JUnitTask.java:1045)
	at org.apache.tools.ant.taskdefs.optional.junit.JUnitTask.executeOrQueue(JUnitTask.java:2187)
	at org.apache.tools.ant.taskdefs.optional.junit.JUnitTask.execute(JUnitTask.java:853)
	at org.apache.tools.ant.UnknownElement.execute(UnknownElement.java:292)
	at java.base/jdk.internal.reflect.NativeMethodAccessorImpl.invoke0(Native Method)
	at java.base/jdk.internal.reflect.NativeMethodAccessorImpl.invoke(NativeMethodAccessorImpl.java:62)
	at java.base/jdk.internal.reflect.DelegatingMethodAccessorImpl.invoke(DelegatingMethodAccessorImpl.java:43)
	at java.base/java.lang.reflect.Method.invoke(Method.java:564)
	at org.apache.tools.ant.dispatch.DispatchUtils.execute(DispatchUtils.java:106)
	at org.apache.tools.ant.Task.perform(Task.java:350)
	at org.apache.tools.ant.Target.execute(Target.java:448)
	at org.apache.tools.ant.Target.performTasks(Target.java:469)
	at org.apache.tools.ant.Project.executeSortedTargets(Project.java:1399)
	at org.apache.tools.ant.Project.executeTarget(Project.java:1370)
	at org.apache.tools.ant.helper.DefaultExecutor.executeTargets(DefaultExecutor.java:41)
	at org.apache.tools.ant.Project.executeTargets(Project.java:1260)
	at org.apache.tools.ant.Main.runBuild(Main.java:849)
	at org.apache.tools.ant.Main.startAnt(Main.java:228)
	at org.apache.tools.ant.launch.Launcher.run(Launcher.java:283)
	at org.apache.tools.ant.launch.Launcher.main(Launcher.java:101)
java.io.FileNotFoundException: 2_blue_goal.bmp (系统找不到指定的文件。)
	at java.base/java.io.FileInputStream.open0(Native Method)
	at java.base/java.io.FileInputStream.open(FileInputStream.java:196)
	at java.base/java.io.FileInputStream.<init>(FileInputStream.java:139)
	at java.base/java.io.FileInputStream.<init>(FileInputStream.java:94)
	at ImageProcessorTest.testBlueTwo(Unknown Source)
	at java.base/jdk.internal.reflect.NativeMethodAccessorImpl.invoke0(Native Method)
	at java.base/jdk.internal.reflect.NativeMethodAccessorImpl.invoke(NativeMethodAccessorImpl.java:62)
	at java.base/jdk.internal.reflect.DelegatingMethodAccessorImpl.invoke(DelegatingMethodAccessorImpl.java:43)
	at java.base/java.lang.reflect.Method.invoke(Method.java:564)
	at org.junit.runners.model.FrameworkMethod$1.runReflectiveCall(FrameworkMethod.java:45)
	at org.junit.internal.runners.model.ReflectiveCallable.run(ReflectiveCallable.java:15)
	at org.junit.runners.model.FrameworkMethod.invokeExplosively(FrameworkMethod.java:42)
	at org.junit.internal.runners.statements.InvokeMethod.evaluate(InvokeMethod.java:20)
	at org.junit.runners.ParentRunner.runLeaf(ParentRunner.java:263)
	at org.junit.runners.BlockJUnit4ClassRunner.runChild(BlockJUnit4ClassRunner.java:68)
	at org.junit.runners.BlockJUnit4ClassRunner.runChild(BlockJUnit4ClassRunner.java:47)
	at org.junit.runners.ParentRunner$3.run(ParentRunner.java:231)
	at org.junit.runners.ParentRunner$1.schedule(ParentRunner.java:60)
	at org.junit.runners.ParentRunner.runChildren(ParentRunner.java:229)
	at org.junit.runners.ParentRunner.access$000(ParentRunner.java:50)
	at org.junit.runners.ParentRunner$2.evaluate(ParentRunner.java:222)
	at org.junit.runners.ParentRunner.run(ParentRunner.java:300)
	at junit.framework.JUnit4TestAdapter.run(JUnit4TestAdapter.java:39)
	at org.apache.tools.ant.taskdefs.optional.junit.JUnitTestRunner.run(JUnitTestRunner.java:536)
	at org.apache.tools.ant.taskdefs.optional.junit.JUnitTask.executeInVM(JUnitTask.java:1630)
	at org.apache.tools.ant.taskdefs.optional.junit.JUnitTask.execute(JUnitTask.java:1045)
	at org.apache.tools.ant.taskdefs.optional.junit.JUnitTask.executeOrQueue(JUnitTask.java:2187)
	at org.apache.tools.ant.taskdefs.optional.junit.JUnitTask.execute(JUnitTask.java:853)
	at org.apache.tools.ant.UnknownElement.execute(UnknownElement.java:292)
	at java.base/jdk.internal.reflect.NativeMethodAccessorImpl.invoke0(Native Method)
	at java.base/jdk.internal.reflect.NativeMethodAccessorImpl.invoke(NativeMethodAccessorImpl.java:62)
	at java.base/jdk.internal.reflect.DelegatingMethodAccessorImpl.invoke(DelegatingMethodAccessorImpl.java:43)
	at java.base/java.lang.reflect.Method.invoke(Method.java:564)
	at org.apache.tools.ant.dispatch.DispatchUtils.execute(DispatchUtils.java:106)
	at org.apache.tools.ant.Task.perform(Task.java:350)
	at org.apache.tools.ant.Target.execute(Target.java:448)
	at org.apache.tools.ant.Target.performTasks(Target.java:469)
	at org.apache.tools.ant.Project.executeSortedTargets(Project.java:1399)
	at org.apache.tools.ant.Project.executeTarget(Project.java:1370)
	at org.apache.tools.ant.helper.DefaultExecutor.executeTargets(DefaultExecutor.java:41)
	at org.apache.tools.ant.Project.executeTargets(Project.java:1260)
	at org.apache.tools.ant.Main.runBuild(Main.java:849)
	at org.apache.tools.ant.Main.startAnt(Main.java:228)
	at org.apache.tools.ant.launch.Launcher.run(Launcher.java:283)
	at org.apache.tools.ant.launch.Launcher.main(Launcher.java:101)
java.io.FileNotFoundException: 1_red_goal.bmp (系统找不到指定的文件。)
	at java.base/java.io.FileInputStream.open0(Native Method)
	at java.base/java.io.FileInputStream.open(FileInputStream.java:196)
	at java.base/java.io.FileInputStream.<init>(FileInputStream.java:139)
	at java.base/java.io.FileInputStream.<init>(FileInputStream.java:94)
	at ImageProcessorTest.testRedOne(Unknown Source)
	at java.base/jdk.internal.reflect.NativeMethodAccessorImpl.invoke0(Native Method)
	at java.base/jdk.internal.reflect.NativeMethodAccessorImpl.invoke(NativeMethodAccessorImpl.java:62)
	at java.base/jdk.internal.reflect.DelegatingMethodAccessorImpl.invoke(DelegatingMethodAccessorImpl.java:43)
	at java.base/java.lang.reflect.Method.invoke(Method.java:564)
	at org.junit.runners.model.FrameworkMethod$1.runReflectiveCall(FrameworkMethod.java:45)
	at org.junit.internal.runners.model.ReflectiveCallable.run(ReflectiveCallable.java:15)
	at org.junit.runners.model.FrameworkMethod.invokeExplosively(FrameworkMethod.java:42)
	at org.junit.internal.runners.statements.InvokeMethod.evaluate(InvokeMethod.java:20)
	at org.junit.runners.ParentRunner.runLeaf(ParentRunner.java:263)
	at org.junit.runners.BlockJUnit4ClassRunner.runChild(BlockJUnit4ClassRunner.java:68)
	at org.junit.runners.BlockJUnit4ClassRunner.runChild(BlockJUnit4ClassRunner.java:47)
	at org.junit.runners.ParentRunner$3.run(ParentRunner.java:231)
	at org.junit.runners.ParentRunner$1.schedule(ParentRunner.java:60)
	at org.junit.runners.ParentRunner.runChildren(ParentRunner.java:229)
	at org.junit.runners.ParentRunner.access$000(ParentRunner.java:50)
	at org.junit.runners.ParentRunner$2.evaluate(ParentRunner.java:222)
	at org.junit.runners.ParentRunner.run(ParentRunner.java:300)
	at junit.framework.JUnit4TestAdapter.run(JUnit4TestAdapter.java:39)
	at org.apache.tools.ant.taskdefs.optional.junit.JUnitTestRunner.run(JUnitTestRunner.java:536)
	at org.apache.tools.ant.taskdefs.optional.junit.JUnitTask.executeInVM(JUnitTask.java:1630)
	at org.apache.tools.ant.taskdefs.optional.junit.JUnitTask.execute(JUnitTask.java:1045)
	at org.apache.tools.ant.taskdefs.optional.junit.JUnitTask.executeOrQueue(JUnitTask.java:2187)
	at org.apache.tools.ant.taskdefs.optional.junit.JUnitTask.execute(JUnitTask.java:853)
	at org.apache.tools.ant.UnknownElement.execute(UnknownElement.java:292)
	at java.base/jdk.internal.reflect.NativeMethodAccessorImpl.invoke0(Native Method)
	at java.base/jdk.internal.reflect.NativeMethodAccessorImpl.invoke(NativeMethodAccessorImpl.java:62)
	at java.base/jdk.internal.reflect.DelegatingMethodAccessorImpl.invoke(DelegatingMethodAccessorImpl.java:43)
	at java.base/java.lang.reflect.Method.invoke(Method.java:564)
	at org.apache.tools.ant.dispatch.DispatchUtils.execute(DispatchUtils.java:106)
	at org.apache.tools.ant.Task.perform(Task.java:350)
	at org.apache.tools.ant.Target.execute(Target.java:448)
	at org.apache.tools.ant.Target.performTasks(Target.java:469)
	at org.apache.tools.ant.Project.executeSortedTargets(Project.java:1399)
	at org.apache.tools.ant.Project.executeTarget(Project.java:1370)
	at org.apache.tools.ant.helper.DefaultExecutor.executeTargets(DefaultExecutor.java:41)
	at org.apache.tools.ant.Project.executeTargets(Project.java:1260)
	at org.apache.tools.ant.Main.runBuild(Main.java:849)
	at org.apache.tools.ant.Main.startAnt(Main.java:228)
	at org.apache.tools.ant.launch.Launcher.run(Launcher.java:283)
	at org.apache.tools.ant.launch.Launcher.main(Launcher.java:101)
java.io.FileNotFoundException: 2_red_goal.bmp (系统找不到指定的文件。)
	at java.base/java.io.FileInputStream.open0(Native Method)
	at java.base/java.io.FileInputStream.open(FileInputStream.java:196)
	at java.base/java.io.FileInputStream.<init>(FileInputStream.java:139)
	at java.base/java.io.FileInputStream.<init>(FileInputStream.java:94)
	at ImageProcessorTest.testRedTwo(Unknown Source)
	at java.base/jdk.internal.reflect.NativeMethodAccessorImpl.invoke0(Native Method)
	at java.base/jdk.internal.reflect.NativeMethodAccessorImpl.invoke(NativeMethodAccessorImpl.java:62)
	at java.base/jdk.internal.reflect.DelegatingMethodAccessorImpl.invoke(DelegatingMethodAccessorImpl.java:43)
	at java.base/java.lang.reflect.Method.invoke(Method.java:564)
	at org.junit.runners.model.FrameworkMethod$1.runReflectiveCall(FrameworkMethod.java:45)
	at org.junit.internal.runners.model.ReflectiveCallable.run(ReflectiveCallable.java:15)
	at org.junit.runners.model.FrameworkMethod.invokeExplosively(FrameworkMethod.java:42)
	at org.junit.internal.runners.statements.InvokeMethod.evaluate(InvokeMethod.java:20)
	at org.junit.runners.ParentRunner.runLeaf(ParentRunner.java:263)
	at org.junit.runners.BlockJUnit4ClassRunner.runChild(BlockJUnit4ClassRunner.java:68)
	at org.junit.runners.BlockJUnit4ClassRunner.runChild(BlockJUnit4ClassRunner.java:47)
	at org.junit.runners.ParentRunner$3.run(ParentRunner.java:231)
	at org.junit.runners.ParentRunner$1.schedule(ParentRunner.java:60)
	at org.junit.runners.ParentRunner.runChildren(ParentRunner.java:229)
	at org.junit.runners.ParentRunner.access$000(ParentRunner.java:50)
	at org.junit.runners.ParentRunner$2.evaluate(ParentRunner.java:222)
	at org.junit.runners.ParentRunner.run(ParentRunner.java:300)
	at junit.framework.JUnit4TestAdapter.run(JUnit4TestAdapter.java:39)
	at org.apache.tools.ant.taskdefs.optional.junit.JUnitTestRunner.run(JUnitTestRunner.java:536)
	at org.apache.tools.ant.taskdefs.optional.junit.JUnitTask.executeInVM(JUnitTask.java:1630)
	at org.apache.tools.ant.taskdefs.optional.junit.JUnitTask.execute(JUnitTask.java:1045)
	at org.apache.tools.ant.taskdefs.optional.junit.JUnitTask.executeOrQueue(JUnitTask.java:2187)
	at org.apache.tools.ant.taskdefs.optional.junit.JUnitTask.execute(JUnitTask.java:853)
	at org.apache.tools.ant.UnknownElement.execute(UnknownElement.java:292)
	at java.base/jdk.internal.reflect.NativeMethodAccessorImpl.invoke0(Native Method)
	at java.base/jdk.internal.reflect.NativeMethodAccessorImpl.invoke(NativeMethodAccessorImpl.java:62)
	at java.base/jdk.internal.reflect.DelegatingMethodAccessorImpl.invoke(DelegatingMethodAccessorImpl.java:43)
	at java.base/java.lang.reflect.Method.invoke(Method.java:564)
	at org.apache.tools.ant.dispatch.DispatchUtils.execute(DispatchUtils.java:106)
	at org.apache.tools.ant.Task.perform(Task.java:350)
	at org.apache.tools.ant.Target.execute(Target.java:448)
	at org.apache.tools.ant.Target.performTasks(Target.java:469)
	at org.apache.tools.ant.Project.executeSortedTargets(Project.java:1399)
	at org.apache.tools.ant.Project.executeTarget(Project.java:1370)
	at org.apache.tools.ant.helper.DefaultExecutor.executeTargets(DefaultExecutor.java:41)
	at org.apache.tools.ant.Project.executeTargets(Project.java:1260)
	at org.apache.tools.ant.Main.runBuild(Main.java:849)
	at org.apache.tools.ant.Main.startAnt(Main.java:228)
	at org.apache.tools.ant.launch.Launcher.run(Launcher.java:283)
	at org.apache.tools.ant.launch.Launcher.main(Launcher.java:101)
java.io.FileNotFoundException: 2_green_goal.bmp (系统找不到指定的文件。)
	at java.base/java.io.FileInputStream.open0(Native Method)
	at java.base/java.io.FileInputStream.open(FileInputStream.java:196)
	at java.base/java.io.FileInputStream.<init>(FileInputStream.java:139)
	at java.base/java.io.FileInputStream.<init>(FileInputStream.java:94)
	at ImageProcessorTest.testGreenTwo(Unknown Source)
	at java.base/jdk.internal.reflect.NativeMethodAccessorImpl.invoke0(Native Method)
	at java.base/jdk.internal.reflect.NativeMethodAccessorImpl.invoke(NativeMethodAccessorImpl.java:62)
	at java.base/jdk.internal.reflect.DelegatingMethodAccessorImpl.invoke(DelegatingMethodAccessorImpl.java:43)
	at java.base/java.lang.reflect.Method.invoke(Method.java:564)
	at org.junit.runners.model.FrameworkMethod$1.runReflectiveCall(FrameworkMethod.java:45)
	at org.junit.internal.runners.model.ReflectiveCallable.run(ReflectiveCallable.java:15)
	at org.junit.runners.model.FrameworkMethod.invokeExplosively(FrameworkMethod.java:42)
	at org.junit.internal.runners.statements.InvokeMethod.evaluate(InvokeMethod.java:20)
	at org.junit.runners.ParentRunner.runLeaf(ParentRunner.java:263)
	at org.junit.runners.BlockJUnit4ClassRunner.runChild(BlockJUnit4ClassRunner.java:68)
	at org.junit.runners.BlockJUnit4ClassRunner.runChild(BlockJUnit4ClassRunner.java:47)
	at org.junit.runners.ParentRunner$3.run(ParentRunner.java:231)
	at org.junit.runners.ParentRunner$1.schedule(ParentRunner.java:60)
	at org.junit.runners.ParentRunner.runChildren(ParentRunner.java:229)
	at org.junit.runners.ParentRunner.access$000(ParentRunner.java:50)
	at org.junit.runners.ParentRunner$2.evaluate(ParentRunner.java:222)
	at org.junit.runners.ParentRunner.run(ParentRunner.java:300)
	at junit.framework.JUnit4TestAdapter.run(JUnit4TestAdapter.java:39)
	at org.apache.tools.ant.taskdefs.optional.junit.JUnitTestRunner.run(JUnitTestRunner.java:536)
	at org.apache.tools.ant.taskdefs.optional.junit.JUnitTask.executeInVM(JUnitTask.java:1630)
	at org.apache.tools.ant.taskdefs.optional.junit.JUnitTask.execute(JUnitTask.java:1045)
	at org.apache.tools.ant.taskdefs.optional.junit.JUnitTask.executeOrQueue(JUnitTask.java:2187)
	at org.apache.tools.ant.taskdefs.optional.junit.JUnitTask.execute(JUnitTask.java:853)
	at org.apache.tools.ant.UnknownElement.execute(UnknownElement.java:292)
	at java.base/jdk.internal.reflect.NativeMethodAccessorImpl.invoke0(Native Method)
	at java.base/jdk.internal.reflect.NativeMethodAccessorImpl.invoke(NativeMethodAccessorImpl.java:62)
	at java.base/jdk.internal.reflect.DelegatingMethodAccessorImpl.invoke(DelegatingMethodAccessorImpl.java:43)
	at java.base/java.lang.reflect.Method.invoke(Method.java:564)
	at org.apache.tools.ant.dispatch.DispatchUtils.execute(DispatchUtils.java:106)
	at org.apache.tools.ant.Task.perform(Task.java:350)
	at org.apache.tools.ant.Target.execute(Target.java:448)
	at org.apache.tools.ant.Target.performTasks(Target.java:469)
	at org.apache.tools.ant.Project.executeSortedTargets(Project.java:1399)
	at org.apache.tools.ant.Project.executeTarget(Project.java:1370)
	at org.apache.tools.ant.helper.DefaultExecutor.executeTargets(DefaultExecutor.java:41)
	at org.apache.tools.ant.Project.executeTargets(Project.java:1260)
	at org.apache.tools.ant.Main.runBuild(Main.java:849)
	at org.apache.tools.ant.Main.startAnt(Main.java:228)
	at org.apache.tools.ant.launch.Launcher.run(Launcher.java:283)
	at org.apache.tools.ant.launch.Launcher.main(Launcher.java:101)
java.io.FileNotFoundException: 1_gray_goal.bmp (系统找不到指定的文件。)
	at java.base/java.io.FileInputStream.open0(Native Method)
	at java.base/java.io.FileInputStream.open(FileInputStream.java:196)
	at java.base/java.io.FileInputStream.<init>(FileInputStream.java:139)
	at java.base/java.io.FileInputStream.<init>(FileInputStream.java:94)
	at ImageProcessorTest.testGrayOne(Unknown Source)
	at java.base/jdk.internal.reflect.NativeMethodAccessorImpl.invoke0(Native Method)
	at java.base/jdk.internal.reflect.NativeMethodAccessorImpl.invoke(NativeMethodAccessorImpl.java:62)
	at java.base/jdk.internal.reflect.DelegatingMethodAccessorImpl.invoke(DelegatingMethodAccessorImpl.java:43)
	at java.base/java.lang.reflect.Method.invoke(Method.java:564)
	at org.junit.runners.model.FrameworkMethod$1.runReflectiveCall(FrameworkMethod.java:45)
	at org.junit.internal.runners.model.ReflectiveCallable.run(ReflectiveCallable.java:15)
	at org.junit.runners.model.FrameworkMethod.invokeExplosively(FrameworkMethod.java:42)
	at org.junit.internal.runners.statements.InvokeMethod.evaluate(InvokeMethod.java:20)
	at org.junit.runners.ParentRunner.runLeaf(ParentRunner.java:263)
	at org.junit.runners.BlockJUnit4ClassRunner.runChild(BlockJUnit4ClassRunner.java:68)
	at org.junit.runners.BlockJUnit4ClassRunner.runChild(BlockJUnit4ClassRunner.java:47)
	at org.junit.runners.ParentRunner$3.run(ParentRunner.java:231)
	at org.junit.runners.ParentRunner$1.schedule(ParentRunner.java:60)
	at org.junit.runners.ParentRunner.runChildren(ParentRunner.java:229)
	at org.junit.runners.ParentRunner.access$000(ParentRunner.java:50)
	at org.junit.runners.ParentRunner$2.evaluate(ParentRunner.java:222)
	at org.junit.runners.ParentRunner.run(ParentRunner.java:300)
	at junit.framework.JUnit4TestAdapter.run(JUnit4TestAdapter.java:39)
	at org.apache.tools.ant.taskdefs.optional.junit.JUnitTestRunner.run(JUnitTestRunner.java:536)
	at org.apache.tools.ant.taskdefs.optional.junit.JUnitTask.executeInVM(JUnitTask.java:1630)
	at org.apache.tools.ant.taskdefs.optional.junit.JUnitTask.execute(JUnitTask.java:1045)
	at org.apache.tools.ant.taskdefs.optional.junit.JUnitTask.executeOrQueue(JUnitTask.java:2187)
	at org.apache.tools.ant.taskdefs.optional.junit.JUnitTask.execute(JUnitTask.java:853)
	at org.apache.tools.ant.UnknownElement.execute(UnknownElement.java:292)
	at java.base/jdk.internal.reflect.NativeMethodAccessorImpl.invoke0(Native Method)
	at java.base/jdk.internal.reflect.NativeMethodAccessorImpl.invoke(NativeMethodAccessorImpl.java:62)
	at java.base/jdk.internal.reflect.DelegatingMethodAccessorImpl.invoke(DelegatingMethodAccessorImpl.java:43)
	at java.base/java.lang.reflect.Method.invoke(Method.java:564)
	at org.apache.tools.ant.dispatch.DispatchUtils.execute(DispatchUtils.java:106)
	at org.apache.tools.ant.Task.perform(Task.java:350)
	at org.apache.tools.ant.Target.execute(Target.java:448)
	at org.apache.tools.ant.Target.performTasks(Target.java:469)
	at org.apache.tools.ant.Project.executeSortedTargets(Project.java:1399)
	at org.apache.tools.ant.Project.executeTarget(Project.java:1370)
	at org.apache.tools.ant.helper.DefaultExecutor.executeTargets(DefaultExecutor.java:41)
	at org.apache.tools.ant.Project.executeTargets(Project.java:1260)
	at org.apache.tools.ant.Main.runBuild(Main.java:849)
	at org.apache.tools.ant.Main.startAnt(Main.java:228)
	at org.apache.tools.ant.launch.Launcher.run(Launcher.java:283)
	at org.apache.tools.ant.launch.Launcher.main(Launcher.java:101)
java.io.FileNotFoundException: 2_gray_goal.bmp (系统找不到指定的文件。)
	at java.base/java.io.FileInputStream.open0(Native Method)
	at java.base/java.io.FileInputStream.open(FileInputStream.java:196)
	at java.base/java.io.FileInputStream.<init>(FileInputStream.java:139)
	at java.base/java.io.FileInputStream.<init>(FileInputStream.java:94)
	at ImageProcessorTest.testGrayTwo(Unknown Source)
	at java.base/jdk.internal.reflect.NativeMethodAccessorImpl.invoke0(Native Method)
	at java.base/jdk.internal.reflect.NativeMethodAccessorImpl.invoke(NativeMethodAccessorImpl.java:62)
	at java.base/jdk.internal.reflect.DelegatingMethodAccessorImpl.invoke(DelegatingMethodAccessorImpl.java:43)
	at java.base/java.lang.reflect.Method.invoke(Method.java:564)
	at org.junit.runners.model.FrameworkMethod$1.runReflectiveCall(FrameworkMethod.java:45)
	at org.junit.internal.runners.model.ReflectiveCallable.run(ReflectiveCallable.java:15)
	at org.junit.runners.model.FrameworkMethod.invokeExplosively(FrameworkMethod.java:42)
	at org.junit.internal.runners.statements.InvokeMethod.evaluate(InvokeMethod.java:20)
	at org.junit.runners.ParentRunner.runLeaf(ParentRunner.java:263)
	at org.junit.runners.BlockJUnit4ClassRunner.runChild(BlockJUnit4ClassRunner.java:68)
	at org.junit.runners.BlockJUnit4ClassRunner.runChild(BlockJUnit4ClassRunner.java:47)
	at org.junit.runners.ParentRunner$3.run(ParentRunner.java:231)
	at org.junit.runners.ParentRunner$1.schedule(ParentRunner.java:60)
	at org.junit.runners.ParentRunner.runChildren(ParentRunner.java:229)
	at org.junit.runners.ParentRunner.access$000(ParentRunner.java:50)
	at org.junit.runners.ParentRunner$2.evaluate(ParentRunner.java:222)
	at org.junit.runners.ParentRunner.run(ParentRunner.java:300)
	at junit.framework.JUnit4TestAdapter.run(JUnit4TestAdapter.java:39)
	at org.apache.tools.ant.taskdefs.optional.junit.JUnitTestRunner.run(JUnitTestRunner.java:536)
	at org.apache.tools.ant.taskdefs.optional.junit.JUnitTask.executeInVM(JUnitTask.java:1630)
	at org.apache.tools.ant.taskdefs.optional.junit.JUnitTask.execute(JUnitTask.java:1045)
	at org.apache.tools.ant.taskdefs.optional.junit.JUnitTask.executeOrQueue(JUnitTask.java:2187)
	at org.apache.tools.ant.taskdefs.optional.junit.JUnitTask.execute(JUnitTask.java:853)
	at org.apache.tools.ant.UnknownElement.execute(UnknownElement.java:292)
	at java.base/jdk.internal.reflect.NativeMethodAccessorImpl.invoke0(Native Method)
	at java.base/jdk.internal.reflect.NativeMethodAccessorImpl.invoke(NativeMethodAccessorImpl.java:62)
	at java.base/jdk.internal.reflect.DelegatingMethodAccessorImpl.invoke(DelegatingMethodAccessorImpl.java:43)
	at java.base/java.lang.reflect.Method.invoke(Method.java:564)
	at org.apache.tools.ant.dispatch.DispatchUtils.execute(DispatchUtils.java:106)
	at org.apache.tools.ant.Task.perform(Task.java:350)
	at org.apache.tools.ant.Target.execute(Target.java:448)
	at org.apache.tools.ant.Target.performTasks(Target.java:469)
	at org.apache.tools.ant.Project.executeSortedTargets(Project.java:1399)
	at org.apache.tools.ant.Project.executeTarget(Project.java:1370)
	at org.apache.tools.ant.helper.DefaultExecutor.executeTargets(DefaultExecutor.java:41)
	at org.apache.tools.ant.Project.executeTargets(Project.java:1260)
	at org.apache.tools.ant.Main.runBuild(Main.java:849)
	at org.apache.tools.ant.Main.startAnt(Main.java:228)
	at org.apache.tools.ant.launch.Launcher.run(Launcher.java:283)
	at org.apache.tools.ant.launch.Launcher.main(Launcher.java:101)
java.io.FileNotFoundException: 1_green_goal.bmp (系统找不到指定的文件。)
	at java.base/java.io.FileInputStream.open0(Native Method)
	at java.base/java.io.FileInputStream.open(FileInputStream.java:196)
	at java.base/java.io.FileInputStream.<init>(FileInputStream.java:139)
	at java.base/java.io.FileInputStream.<init>(FileInputStream.java:94)
	at ImageProcessorTest.testGreenOne(Unknown Source)
	at java.base/jdk.internal.reflect.NativeMethodAccessorImpl.invoke0(Native Method)
	at java.base/jdk.internal.reflect.NativeMethodAccessorImpl.invoke(NativeMethodAccessorImpl.java:62)
	at java.base/jdk.internal.reflect.DelegatingMethodAccessorImpl.invoke(DelegatingMethodAccessorImpl.java:43)
	at java.base/java.lang.reflect.Method.invoke(Method.java:564)
	at org.junit.runners.model.FrameworkMethod$1.runReflectiveCall(FrameworkMethod.java:45)
	at org.junit.internal.runners.model.ReflectiveCallable.run(ReflectiveCallable.java:15)
	at org.junit.runners.model.FrameworkMethod.invokeExplosively(FrameworkMethod.java:42)
	at org.junit.internal.runners.statements.InvokeMethod.evaluate(InvokeMethod.java:20)
	at org.junit.runners.ParentRunner.runLeaf(ParentRunner.java:263)
	at org.junit.runners.BlockJUnit4ClassRunner.runChild(BlockJUnit4ClassRunner.java:68)
	at org.junit.runners.BlockJUnit4ClassRunner.runChild(BlockJUnit4ClassRunner.java:47)
	at org.junit.runners.ParentRunner$3.run(ParentRunner.java:231)
	at org.junit.runners.ParentRunner$1.schedule(ParentRunner.java:60)
	at org.junit.runners.ParentRunner.runChildren(ParentRunner.java:229)
	at org.junit.runners.ParentRunner.access$000(ParentRunner.java:50)
	at org.junit.runners.ParentRunner$2.evaluate(ParentRunner.java:222)
	at org.junit.runners.ParentRunner.run(ParentRunner.java:300)
	at junit.framework.JUnit4TestAdapter.run(JUnit4TestAdapter.java:39)
	at org.apache.tools.ant.taskdefs.optional.junit.JUnitTestRunner.run(JUnitTestRunner.java:536)
	at org.apache.tools.ant.taskdefs.optional.junit.JUnitTask.executeInVM(JUnitTask.java:1630)
	at org.apache.tools.ant.taskdefs.optional.junit.JUnitTask.execute(JUnitTask.java:1045)
	at org.apache.tools.ant.taskdefs.optional.junit.JUnitTask.executeOrQueue(JUnitTask.java:2187)
	at org.apache.tools.ant.taskdefs.optional.junit.JUnitTask.execute(JUnitTask.java:853)
	at org.apache.tools.ant.UnknownElement.execute(UnknownElement.java:292)
	at java.base/jdk.internal.reflect.NativeMethodAccessorImpl.invoke0(Native Method)
	at java.base/jdk.internal.reflect.NativeMethodAccessorImpl.invoke(NativeMethodAccessorImpl.java:62)
	at java.base/jdk.internal.reflect.DelegatingMethodAccessorImpl.invoke(DelegatingMethodAccessorImpl.java:43)
	at java.base/java.lang.reflect.Method.invoke(Method.java:564)
	at org.apache.tools.ant.dispatch.DispatchUtils.execute(DispatchUtils.java:106)
	at org.apache.tools.ant.Task.perform(Task.java:350)
	at org.apache.tools.ant.Target.execute(Target.java:448)
	at org.apache.tools.ant.Target.performTasks(Target.java:469)
	at org.apache.tools.ant.Project.executeSortedTargets(Project.java:1399)
	at org.apache.tools.ant.Project.executeTarget(Project.java:1370)
	at org.apache.tools.ant.helper.DefaultExecutor.executeTargets(DefaultExecutor.java:41)
	at org.apache.tools.ant.Project.executeTargets(Project.java:1260)
	at org.apache.tools.ant.Main.runBuild(Main.java:849)
	at org.apache.tools.ant.Main.startAnt(Main.java:228)
	at org.apache.tools.ant.launch.Launcher.run(Launcher.java:283)
	at org.apache.tools.ant.launch.Launcher.main(Launcher.java:101)
]]></system-err>
</testsuite>
