<?xml version="1.0" encoding="UTF-8" ?>
<testsuite errors="0" failures="0" hostname="vinzor" name="ImageProcessorTest" tests="10" time="14.713" timestamp="2018-05-05T16:54:54">
  <properties>
[...]
</properties>
  <testcase classname="ImageProcessorTest" name="testIOOne" time="0.702" />
  <testcase classname="ImageProcessorTest" name="testRedOne" time="0.587" />
  <testcase classname="ImageProcessorTest" name="testGreenOne" time="0.554" />
  <testcase classname="ImageProcessorTest" name="testBlueOne" time="0.556" />
  <testcase classname="ImageProcessorTest" name="testGrayOne" time="0.563" />
  <testcase classname="ImageProcessorTest" name="testIOTwo" time="2.359" />
  <testcase classname="ImageProcessorTest" name="testRedTwo" time="2.322" />
  <testcase classname="ImageProcessorTest" name="testGreenTwo" time="2.391" />
  <testcase classname="ImageProcessorTest" name="testBlueTwo" time="2.321" />
  <testcase classname="ImageProcessorTest" name="testGrayTwo" time="2.316" />
  <system-out><![CDATA[]]></system-out>
  <system-err><![CDATA[]]></system-err>
</testsuite>
