<?xml version="1.0" encoding="UTF-8" ?>
<testsuite errors="0" failures="0" hostname="vinzor" name="JumperTest" tests="3" time="0.186" timestamp="2018-04-21T10:16:19">
  <properties>
[...]
</properties>
  <testcase classname="JumperTest" name="testJumper2" time="0.125" />
  <testcase classname="JumperTest" name="testJumper3" time="0.0" />
  <testcase classname="JumperTest" name="testJumper1" time="0.0" />
  <system-out><![CDATA[]]></system-out>
  <system-err><![CDATA[]]></system-err>
</testsuite>
